{"/Users/i500695/work/code/AI/MCP/toyMCP/src/config.js": {"path":"/Users/i500695/work/code/AI/MCP/toyMCP/src/config.js","statementMap":{"0":{"start":{"line":1,"column":0},"end":{"line":1,"column":27}},"1":{"start":{"line":3,"column":15},"end":{"line":14,"column":1}},"2":{"start":{"line":16,"column":0},"end":{"line":16,"column":24}}},"fnMap":{},"branchMap":{"0":{"loc":{"start":{"line":5,"column":14},"end":{"line":5,"column":48}},"type":"binary-expr","locations":[{"start":{"line":5,"column":14},"end":{"line":5,"column":33}},{"start":{"line":5,"column":37},"end":{"line":5,"column":48}}],"line":5},"1":{"loc":{"start":{"line":6,"column":23},"end":{"line":6,"column":52}},"type":"binary-expr","locations":[{"start":{"line":6,"column":23},"end":{"line":6,"column":42}},{"start":{"line":6,"column":46},"end":{"line":6,"column":52}}],"line":6},"2":{"loc":{"start":{"line":7,"column":18},"end":{"line":7,"column":51}},"type":"binary-expr","locations":[{"start":{"line":7,"column":18},"end":{"line":7,"column":37}},{"start":{"line":7,"column":41},"end":{"line":7,"column":51}}],"line":7},"3":{"loc":{"start":{"line":8,"column":14},"end":{"line":8,"column":49}},"type":"binary-expr","locations":[{"start":{"line":8,"column":14},"end":{"line":8,"column":33}},{"start":{"line":8,"column":37},"end":{"line":8,"column":49}}],"line":8},"4":{"loc":{"start":{"line":9,"column":18},"end":{"line":9,"column":61}},"type":"binary-expr","locations":[{"start":{"line":9,"column":18},"end":{"line":9,"column":41}},{"start":{"line":9,"column":45},"end":{"line":9,"column":61}}],"line":9},"5":{"loc":{"start":{"line":12,"column":23},"end":{"line":12,"column":49}},"type":"binary-expr","locations":[{"start":{"line":12,"column":23},"end":{"line":12,"column":39}},{"start":{"line":12,"column":43},"end":{"line":12,"column":49}}],"line":12}},"s":{"0":4,"1":4,"2":4},"f":{},"b":{"0":[4,4],"1":[4,4],"2":[4,4],"3":[4,4],"4":[4,4],"5":[4,4]},"_coverageSchema":"1a1c01bbd47fc00a2c39e90264f33305004495a9","hash":"95113e49ee4b43d7c9004bf579c9ca79f4566364"}
,"/Users/i500695/work/code/AI/MCP/toyMCP/src/mcp_methods.js": {"path":"/Users/i500695/work/code/AI/MCP/toyMCP/src/mcp_methods.js","statementMap":{"0":{"start":{"line":1,"column":11},"end":{"line":1,"column":26}},"1":{"start":{"line":2,"column":34},"end":{"line":2,"column":57}},"2":{"start":{"line":5,"column":34},"end":{"line":5,"column":38}},"3":{"start":{"line":7,"column":16},"end":{"line":87,"column":1}},"4":{"start":{"line":13,"column":8},"end":{"line":20,"column":9}},"5":{"start":{"line":14,"column":27},"end":{"line":14,"column":92}},"6":{"start":{"line":15,"column":12},"end":{"line":15,"column":31}},"7":{"start":{"line":17,"column":12},"end":{"line":17,"column":60}},"8":{"start":{"line":19,"column":12},"end":{"line":19,"column":22}},"9":{"start":{"line":31,"column":8},"end":{"line":36,"column":9}},"10":{"start":{"line":32,"column":12},"end":{"line":35,"column":14}},"11":{"start":{"line":37,"column":25},"end":{"line":37,"column":31}},"12":{"start":{"line":38,"column":8},"end":{"line":47,"column":9}},"13":{"start":{"line":39,"column":27},"end":{"line":42,"column":13}},"14":{"start":{"line":43,"column":12},"end":{"line":43,"column":34}},"15":{"start":{"line":45,"column":12},"end":{"line":45,"column":58}},"16":{"start":{"line":46,"column":12},"end":{"line":46,"column":22}},"17":{"start":{"line":58,"column":8},"end":{"line":63,"column":9}},"18":{"start":{"line":59,"column":12},"end":{"line":62,"column":14}},"19":{"start":{"line":64,"column":23},"end":{"line":64,"column":29}},"20":{"start":{"line":65,"column":8},"end":{"line":85,"column":9}},"21":{"start":{"line":66,"column":27},"end":{"line":69,"column":13}},"22":{"start":{"line":70,"column":12},"end":{"line":75,"column":13}},"23":{"start":{"line":71,"column":16},"end":{"line":74,"column":18}},"24":{"start":{"line":76,"column":12},"end":{"line":76,"column":34}},"25":{"start":{"line":79,"column":12},"end":{"line":81,"column":13}},"26":{"start":{"line":80,"column":16},"end":{"line":80,"column":26}},"27":{"start":{"line":83,"column":12},"end":{"line":83,"column":90}},"28":{"start":{"line":84,"column":12},"end":{"line":84,"column":22}},"29":{"start":{"line":89,"column":0},"end":{"line":89,"column":25}}},"fnMap":{"0":{"name":"(anonymous_0)","decl":{"start":{"line":12,"column":17},"end":{"line":12,"column":18}},"loc":{"start":{"line":12,"column":29},"end":{"line":21,"column":5}},"line":12},"1":{"name":"(anonymous_1)","decl":{"start":{"line":30,"column":16},"end":{"line":30,"column":17}},"loc":{"start":{"line":30,"column":34},"end":{"line":48,"column":5}},"line":30},"2":{"name":"(anonymous_2)","decl":{"start":{"line":57,"column":19},"end":{"line":57,"column":20}},"loc":{"start":{"line":57,"column":37},"end":{"line":86,"column":5}},"line":57}},"branchMap":{"0":{"loc":{"start":{"line":31,"column":8},"end":{"line":36,"column":9}},"type":"if","locations":[{"start":{"line":31,"column":8},"end":{"line":36,"column":9}},{"start":{},"end":{}}],"line":31},"1":{"loc":{"start":{"line":31,"column":12},"end":{"line":31,"column":83}},"type":"binary-expr","locations":[{"start":{"line":31,"column":12},"end":{"line":31,"column":19}},{"start":{"line":31,"column":23},"end":{"line":31,"column":54}},{"start":{"line":31,"column":58},"end":{"line":31,"column":83}}],"line":31},"2":{"loc":{"start":{"line":33,"column":16},"end":{"line":33,"column":137}},"type":"cond-expr","locations":[{"start":{"line":33,"column":55},"end":{"line":33,"column":89}},{"start":{"line":33,"column":92},"end":{"line":33,"column":137}}],"line":33},"3":{"loc":{"start":{"line":33,"column":16},"end":{"line":33,"column":52}},"type":"binary-expr","locations":[{"start":{"line":33,"column":16},"end":{"line":33,"column":23}},{"start":{"line":33,"column":27},"end":{"line":33,"column":52}}],"line":33},"4":{"loc":{"start":{"line":58,"column":8},"end":{"line":63,"column":9}},"type":"if","locations":[{"start":{"line":58,"column":8},"end":{"line":63,"column":9}},{"start":{},"end":{}}],"line":58},"5":{"loc":{"start":{"line":58,"column":12},"end":{"line":58,"column":52}},"type":"binary-expr","locations":[{"start":{"line":58,"column":12},"end":{"line":58,"column":19}},{"start":{"line":58,"column":23},"end":{"line":58,"column":52}}],"line":58},"6":{"loc":{"start":{"line":60,"column":16},"end":{"line":60,"column":121}},"type":"cond-expr","locations":[{"start":{"line":60,"column":53},"end":{"line":60,"column":85}},{"start":{"line":60,"column":88},"end":{"line":60,"column":121}}],"line":60},"7":{"loc":{"start":{"line":60,"column":16},"end":{"line":60,"column":50}},"type":"binary-expr","locations":[{"start":{"line":60,"column":16},"end":{"line":60,"column":23}},{"start":{"line":60,"column":27},"end":{"line":60,"column":50}}],"line":60},"8":{"loc":{"start":{"line":70,"column":12},"end":{"line":75,"column":13}},"type":"if","locations":[{"start":{"line":70,"column":12},"end":{"line":75,"column":13}},{"start":{},"end":{}}],"line":70},"9":{"loc":{"start":{"line":79,"column":12},"end":{"line":81,"column":13}},"type":"if","locations":[{"start":{"line":79,"column":12},"end":{"line":81,"column":13}},{"start":{},"end":{}}],"line":79}},"s":{"0":2,"1":2,"2":2,"3":2,"4":5,"5":5,"6":4,"7":1,"8":1,"9":11,"10":7,"11":4,"12":4,"13":4,"14":3,"15":1,"16":1,"17":12,"18":7,"19":5,"20":5,"21":5,"22":4,"23":2,"24":2,"25":3,"26":2,"27":1,"28":1,"29":2},"f":{"0":5,"1":11,"2":12},"b":{"0":[7,4],"1":[11,9,5],"2":[4,3],"3":[7,5],"4":[7,5],"5":[12,10],"6":[4,3],"7":[7,5],"8":[2,2],"9":[2,1]},"_coverageSchema":"1a1c01bbd47fc00a2c39e90264f33305004495a9","hash":"41679668716d8b7a1f8f28829516c6f19098ad48"}
,"/Users/i500695/work/code/AI/MCP/toyMCP/src/mcp_router.js": {"path":"/Users/i500695/work/code/AI/MCP/toyMCP/src/mcp_router.js","statementMap":{"0":{"start":{"line":1,"column":16},"end":{"line":1,"column":34}},"1":{"start":{"line":2,"column":26},"end":{"line":2,"column":49}},"2":{"start":{"line":3,"column":19},"end":{"line":3,"column":43}},"3":{"start":{"line":5,"column":15},"end":{"line":5,"column":31}},"4":{"start":{"line":8,"column":15},"end":{"line":8,"column":34}},"5":{"start":{"line":11,"column":0},"end":{"line":13,"column":1}},"6":{"start":{"line":12,"column":4},"end":{"line":12,"column":57}},"7":{"start":{"line":16,"column":0},"end":{"line":67,"column":3}},"8":{"start":{"line":18,"column":4},"end":{"line":18,"column":48}},"9":{"start":{"line":19,"column":4},"end":{"line":19,"column":66}},"10":{"start":{"line":20,"column":4},"end":{"line":20,"column":39}},"11":{"start":{"line":21,"column":4},"end":{"line":21,"column":48}},"12":{"start":{"line":24,"column":27},"end":{"line":24,"column":35}},"13":{"start":{"line":29,"column":4},"end":{"line":43,"column":5}},"14":{"start":{"line":35,"column":8},"end":{"line":41,"column":9}},"15":{"start":{"line":36,"column":13},"end":{"line":40,"column":16}},"16":{"start":{"line":42,"column":8},"end":{"line":42,"column":15}},"17":{"start":{"line":47,"column":4},"end":{"line":66,"column":7}},"18":{"start":{"line":48,"column":8},"end":{"line":54,"column":9}},"19":{"start":{"line":49,"column":12},"end":{"line":49,"column":38}},"20":{"start":{"line":53,"column":12},"end":{"line":53,"column":32}},"21":{"start":{"line":59,"column":8},"end":{"line":59,"column":56}},"22":{"start":{"line":61,"column":8},"end":{"line":65,"column":11}},"23":{"start":{"line":69,"column":0},"end":{"line":69,"column":24}}},"fnMap":{"0":{"name":"(anonymous_0)","decl":{"start":{"line":16,"column":17},"end":{"line":16,"column":18}},"loc":{"start":{"line":16,"column":31},"end":{"line":67,"column":1}},"line":16},"1":{"name":"(anonymous_1)","decl":{"start":{"line":47,"column":40},"end":{"line":47,"column":41}},"loc":{"start":{"line":47,"column":61},"end":{"line":55,"column":5}},"line":47},"2":{"name":"(anonymous_2)","decl":{"start":{"line":55,"column":13},"end":{"line":55,"column":14}},"loc":{"start":{"line":55,"column":20},"end":{"line":66,"column":5}},"line":55}},"branchMap":{"0":{"loc":{"start":{"line":29,"column":4},"end":{"line":43,"column":5}},"type":"if","locations":[{"start":{"line":29,"column":4},"end":{"line":43,"column":5}},{"start":{},"end":{}}],"line":29},"1":{"loc":{"start":{"line":30,"column":8},"end":{"line":32,"column":37}},"type":"binary-expr","locations":[{"start":{"line":30,"column":8},"end":{"line":30,"column":42}},{"start":{"line":31,"column":8},"end":{"line":31,"column":31}},{"start":{"line":32,"column":8},"end":{"line":32,"column":37}}],"line":30},"2":{"loc":{"start":{"line":35,"column":8},"end":{"line":41,"column":9}},"type":"if","locations":[{"start":{"line":35,"column":8},"end":{"line":41,"column":9}},{"start":{},"end":{}}],"line":35},"3":{"loc":{"start":{"line":48,"column":8},"end":{"line":54,"column":9}},"type":"if","locations":[{"start":{"line":48,"column":8},"end":{"line":54,"column":9}},{"start":{"line":50,"column":15},"end":{"line":54,"column":9}}],"line":48},"4":{"loc":{"start":{"line":64,"column":16},"end":{"line":64,"column":57}},"type":"cond-expr","locations":[{"start":{"line":64,"column":33},"end":{"line":64,"column":50}},{"start":{"line":64,"column":53},"end":{"line":64,"column":57}}],"line":64}},"s":{"0":1,"1":1,"2":1,"3":1,"4":1,"5":1,"6":3,"7":1,"8":11,"9":11,"10":11,"11":11,"12":11,"13":11,"14":0,"15":0,"16":0,"17":11,"18":11,"19":10,"20":1,"21":0,"22":0,"23":1},"f":{"0":11,"1":11,"2":0},"b":{"0":[0,11],"1":[11,11,11],"2":[0,0],"3":[10,1],"4":[0,0]},"_coverageSchema":"1a1c01bbd47fc00a2c39e90264f33305004495a9","hash":"98ca494c78e355572be23d1cefd937e66036062a"}
,"/Users/i500695/work/code/AI/MCP/toyMCP/src/server.js": {"path":"/Users/i500695/work/code/AI/MCP/toyMCP/src/server.js","statementMap":{"0":{"start":{"line":1,"column":16},"end":{"line":1,"column":34}},"1":{"start":{"line":2,"column":15},"end":{"line":2,"column":34}},"2":{"start":{"line":3,"column":31},"end":{"line":3,"column":46}},"3":{"start":{"line":4,"column":18},"end":{"line":4,"column":41}},"4":{"start":{"line":6,"column":12},"end":{"line":6,"column":21}},"5":{"start":{"line":9,"column":0},"end":{"line":9,"column":24}},"6":{"start":{"line":12,"column":0},"end":{"line":34,"column":3}},"7":{"start":{"line":15,"column":2},"end":{"line":15,"column":61}},"8":{"start":{"line":16,"column":2},"end":{"line":16,"column":66}},"9":{"start":{"line":17,"column":2},"end":{"line":17,"column":62}},"10":{"start":{"line":18,"column":2},"end":{"line":18,"column":52}},"11":{"start":{"line":19,"column":2},"end":{"line":19,"column":52}},"12":{"start":{"line":20,"column":2},"end":{"line":20,"column":45}},"13":{"start":{"line":22,"column":2},"end":{"line":22,"column":59}},"14":{"start":{"line":24,"column":2},"end":{"line":31,"column":3}},"15":{"start":{"line":25,"column":4},"end":{"line":25,"column":94}},"16":{"start":{"line":26,"column":4},"end":{"line":30,"column":7}},"17":{"start":{"line":33,"column":2},"end":{"line":33,"column":12}},"18":{"start":{"line":37,"column":0},"end":{"line":37,"column":27}},"19":{"start":{"line":40,"column":0},"end":{"line":42,"column":3}},"20":{"start":{"line":41,"column":2},"end":{"line":41,"column":48}},"21":{"start":{"line":46,"column":0},"end":{"line":79,"column":3}},"22":{"start":{"line":47,"column":2},"end":{"line":47,"column":48}},"23":{"start":{"line":49,"column":2},"end":{"line":52,"column":3}},"24":{"start":{"line":51,"column":4},"end":{"line":51,"column":21}},"25":{"start":{"line":54,"column":2},"end":{"line":78,"column":3}},"26":{"start":{"line":56,"column":6},"end":{"line":56,"column":22}},"27":{"start":{"line":57,"column":6},"end":{"line":57,"column":56}},"28":{"start":{"line":60,"column":27},"end":{"line":66,"column":7}},"29":{"start":{"line":69,"column":6},"end":{"line":69,"column":45}},"30":{"start":{"line":76,"column":6},"end":{"line":76,"column":81}},"31":{"start":{"line":77,"column":6},"end":{"line":77,"column":16}},"32":{"start":{"line":82,"column":4},"end":{"line":93,"column":5}},"33":{"start":{"line":84,"column":8},"end":{"line":84,"column":35}},"34":{"start":{"line":86,"column":8},"end":{"line":89,"column":11}},"35":{"start":{"line":87,"column":12},"end":{"line":87,"column":86}},"36":{"start":{"line":88,"column":12},"end":{"line":88,"column":96}},"37":{"start":{"line":91,"column":8},"end":{"line":91,"column":56}},"38":{"start":{"line":92,"column":8},"end":{"line":92,"column":24}},"39":{"start":{"line":97,"column":0},"end":{"line":99,"column":1}},"40":{"start":{"line":98,"column":4},"end":{"line":98,"column":18}},"41":{"start":{"line":102,"column":0},"end":{"line":102,"column":21}}},"fnMap":{"0":{"name":"(anonymous_0)","decl":{"start":{"line":12,"column":8},"end":{"line":12,"column":9}},"loc":{"start":{"line":12,"column":33},"end":{"line":34,"column":1}},"line":12},"1":{"name":"(anonymous_1)","decl":{"start":{"line":40,"column":13},"end":{"line":40,"column":14}},"loc":{"start":{"line":40,"column":27},"end":{"line":42,"column":1}},"line":40},"2":{"name":"(anonymous_2)","decl":{"start":{"line":46,"column":8},"end":{"line":46,"column":9}},"loc":{"start":{"line":46,"column":33},"end":{"line":79,"column":1}},"line":46},"3":{"name":"startServer","decl":{"start":{"line":81,"column":15},"end":{"line":81,"column":26}},"loc":{"start":{"line":81,"column":29},"end":{"line":94,"column":1}},"line":81},"4":{"name":"(anonymous_4)","decl":{"start":{"line":86,"column":39},"end":{"line":86,"column":40}},"loc":{"start":{"line":86,"column":45},"end":{"line":89,"column":9}},"line":86}},"branchMap":{"0":{"loc":{"start":{"line":24,"column":2},"end":{"line":31,"column":3}},"type":"if","locations":[{"start":{"line":24,"column":2},"end":{"line":31,"column":3}},{"start":{},"end":{}}],"line":24},"1":{"loc":{"start":{"line":24,"column":6},"end":{"line":24,"column":98}},"type":"binary-expr","locations":[{"start":{"line":24,"column":6},"end":{"line":24,"column":32}},{"start":{"line":24,"column":36},"end":{"line":24,"column":57}},{"start":{"line":24,"column":61},"end":{"line":24,"column":81}},{"start":{"line":24,"column":85},"end":{"line":24,"column":98}}],"line":24},"2":{"loc":{"start":{"line":49,"column":2},"end":{"line":52,"column":3}},"type":"if","locations":[{"start":{"line":49,"column":2},"end":{"line":52,"column":3}},{"start":{},"end":{}}],"line":49},"3":{"loc":{"start":{"line":62,"column":19},"end":{"line":62,"column":57}},"type":"binary-expr","locations":[{"start":{"line":62,"column":19},"end":{"line":62,"column":30}},{"start":{"line":62,"column":34},"end":{"line":62,"column":57}}],"line":62},"4":{"loc":{"start":{"line":64,"column":17},"end":{"line":64,"column":79}},"type":"cond-expr","locations":[{"start":{"line":64,"column":58},"end":{"line":64,"column":67}},{"start":{"line":64,"column":70},"end":{"line":64,"column":79}}],"line":64},"5":{"loc":{"start":{"line":97,"column":0},"end":{"line":99,"column":1}},"type":"if","locations":[{"start":{"line":97,"column":0},"end":{"line":99,"column":1}},{"start":{},"end":{}}],"line":97}},"s":{"0":2,"1":2,"2":2,"3":2,"4":2,"5":2,"6":2,"7":2,"8":2,"9":2,"10":2,"11":2,"12":2,"13":2,"14":2,"15":2,"16":2,"17":0,"18":2,"19":2,"20":1,"21":2,"22":1,"23":1,"24":0,"25":1,"26":1,"27":1,"28":1,"29":1,"30":0,"31":0,"32":0,"33":0,"34":0,"35":0,"36":0,"37":0,"38":0,"39":2,"40":0,"41":2},"f":{"0":2,"1":1,"2":1,"3":0,"4":0},"b":{"0":[2,0],"1":[2,2,2,2],"2":[0,1],"3":[1,0],"4":[0,1],"5":[0,2]},"_coverageSchema":"1a1c01bbd47fc00a2c39e90264f33305004495a9","hash":"7e08afec77f1acf3111075f2d701d6fde087b85a"}
,"/Users/i500695/work/code/AI/MCP/toyMCP/src/db/index.js": {"path":"/Users/i500695/work/code/AI/MCP/toyMCP/src/db/index.js","statementMap":{"0":{"start":{"line":1,"column":17},"end":{"line":1,"column":30}},"1":{"start":{"line":2,"column":11},"end":{"line":2,"column":24}},"2":{"start":{"line":3,"column":13},"end":{"line":3,"column":28}},"3":{"start":{"line":4,"column":15},"end":{"line":4,"column":35}},"4":{"start":{"line":6,"column":13},"end":{"line":6,"column":32}},"5":{"start":{"line":9,"column":14},"end":{"line":9,"column":69}},"6":{"start":{"line":9,"column":22},"end":{"line":9,"column":69}},"7":{"start":{"line":9,"column":45},"end":{"line":9,"column":68}},"8":{"start":{"line":13,"column":23},"end":{"line":13,"column":57}},"9":{"start":{"line":15,"column":4},"end":{"line":20,"column":5}},"10":{"start":{"line":16,"column":8},"end":{"line":16,"column":56}},"11":{"start":{"line":18,"column":8},"end":{"line":18,"column":79}},"12":{"start":{"line":19,"column":8},"end":{"line":19,"column":22}},"13":{"start":{"line":22,"column":4},"end":{"line":44,"column":5}},"14":{"start":{"line":22,"column":23},"end":{"line":22,"column":24}},"15":{"start":{"line":24,"column":8},"end":{"line":43,"column":9}},"16":{"start":{"line":25,"column":12},"end":{"line":25,"column":87}},"17":{"start":{"line":26,"column":12},"end":{"line":26,"column":42}},"18":{"start":{"line":27,"column":12},"end":{"line":27,"column":101}},"19":{"start":{"line":28,"column":12},"end":{"line":28,"column":42}},"20":{"start":{"line":29,"column":12},"end":{"line":29,"column":103}},"21":{"start":{"line":30,"column":12},"end":{"line":30,"column":29}},"22":{"start":{"line":31,"column":12},"end":{"line":31,"column":19}},"23":{"start":{"line":33,"column":12},"end":{"line":33,"column":108}},"24":{"start":{"line":34,"column":12},"end":{"line":36,"column":13}},"25":{"start":{"line":35,"column":16},"end":{"line":35,"column":33}},"26":{"start":{"line":37,"column":12},"end":{"line":40,"column":13}},"27":{"start":{"line":38,"column":16},"end":{"line":38,"column":85}},"28":{"start":{"line":39,"column":16},"end":{"line":39,"column":26}},"29":{"start":{"line":41,"column":12},"end":{"line":41,"column":87}},"30":{"start":{"line":42,"column":12},"end":{"line":42,"column":36}},"31":{"start":{"line":48,"column":0},"end":{"line":52,"column":2}},"32":{"start":{"line":50,"column":29},"end":{"line":50,"column":53}}},"fnMap":{"0":{"name":"(anonymous_0)","decl":{"start":{"line":9,"column":14},"end":{"line":9,"column":15}},"loc":{"start":{"line":9,"column":22},"end":{"line":9,"column":69}},"line":9},"1":{"name":"(anonymous_1)","decl":{"start":{"line":9,"column":34},"end":{"line":9,"column":35}},"loc":{"start":{"line":9,"column":45},"end":{"line":9,"column":68}},"line":9},"2":{"name":"initializeDatabase","decl":{"start":{"line":12,"column":15},"end":{"line":12,"column":33}},"loc":{"start":{"line":12,"column":69},"end":{"line":45,"column":1}},"line":12},"3":{"name":"(anonymous_3)","decl":{"start":{"line":50,"column":11},"end":{"line":50,"column":12}},"loc":{"start":{"line":50,"column":29},"end":{"line":50,"column":53}},"line":50}},"branchMap":{"0":{"loc":{"start":{"line":12,"column":34},"end":{"line":12,"column":48}},"type":"default-arg","locations":[{"start":{"line":12,"column":47},"end":{"line":12,"column":48}}],"line":12},"1":{"loc":{"start":{"line":12,"column":50},"end":{"line":12,"column":67}},"type":"default-arg","locations":[{"start":{"line":12,"column":63},"end":{"line":12,"column":67}}],"line":12},"2":{"loc":{"start":{"line":34,"column":12},"end":{"line":36,"column":13}},"type":"if","locations":[{"start":{"line":34,"column":12},"end":{"line":36,"column":13}},{"start":{},"end":{}}],"line":34},"3":{"loc":{"start":{"line":37,"column":12},"end":{"line":40,"column":13}},"type":"if","locations":[{"start":{"line":37,"column":12},"end":{"line":40,"column":13}},{"start":{},"end":{}}],"line":37}},"s":{"0":3,"1":3,"2":3,"3":3,"4":3,"5":3,"6":6,"7":6,"8":8,"9":8,"10":8,"11":1,"12":1,"13":7,"14":7,"15":13,"16":13,"17":13,"18":9,"19":9,"20":5,"21":5,"22":5,"23":8,"24":8,"25":4,"26":8,"27":2,"28":2,"29":6,"30":6,"31":3,"32":37},"f":{"0":6,"1":6,"2":8,"3":37},"b":{"0":[2],"1":[2],"2":[4,4],"3":[2,6]},"_coverageSchema":"1a1c01bbd47fc00a2c39e90264f33305004495a9","hash":"847fbcb0ee8a88271e6f4bc7dd35d5afda45bd94"}
}
