TN:
SF:src/config.js
FNF:0
FNH:0
DA:1,4
DA:3,4
DA:16,4
LF:3
LH:3
BRDA:5,0,0,4
BRDA:5,0,1,4
BRDA:6,1,0,4
BRDA:6,1,1,4
BRDA:7,2,0,4
BRDA:7,2,1,4
BRDA:8,3,0,4
BRDA:8,3,1,4
BRDA:9,4,0,4
BRDA:9,4,1,4
BRDA:12,5,0,4
BRDA:12,5,1,4
BRF:12
BRH:12
end_of_record
TN:
SF:src/mcp_methods.js
FN:12,(anonymous_0)
FN:30,(anonymous_1)
FN:57,(anonymous_2)
FNF:3
FNH:3
FNDA:5,(anonymous_0)
FNDA:11,(anonymous_1)
FNDA:12,(anonymous_2)
DA:1,2
DA:2,2
DA:5,2
DA:7,2
DA:13,5
DA:14,5
DA:15,4
DA:17,1
DA:19,1
DA:31,11
DA:32,7
DA:37,4
DA:38,4
DA:39,4
DA:43,3
DA:45,1
DA:46,1
DA:58,12
DA:59,7
DA:64,5
DA:65,5
DA:66,5
DA:70,4
DA:71,2
DA:76,2
DA:79,3
DA:80,2
DA:83,1
DA:84,1
DA:89,2
LF:30
LH:30
BRDA:31,0,0,7
BRDA:31,0,1,4
BRDA:31,1,0,11
BRDA:31,1,1,9
BRDA:31,1,2,5
BRDA:33,2,0,4
BRDA:33,2,1,3
BRDA:33,3,0,7
BRDA:33,3,1,5
BRDA:58,4,0,7
BRDA:58,4,1,5
BRDA:58,5,0,12
BRDA:58,5,1,10
BRDA:60,6,0,4
BRDA:60,6,1,3
BRDA:60,7,0,7
BRDA:60,7,1,5
BRDA:70,8,0,2
BRDA:70,8,1,2
BRDA:79,9,0,2
BRDA:79,9,1,1
BRF:21
BRH:21
end_of_record
TN:
SF:src/mcp_router.js
FN:16,(anonymous_0)
FN:47,(anonymous_1)
FN:55,(anonymous_2)
FNF:3
FNH:2
FNDA:11,(anonymous_0)
FNDA:11,(anonymous_1)
FNDA:0,(anonymous_2)
DA:1,1
DA:2,1
DA:3,1
DA:5,1
DA:8,1
DA:11,1
DA:12,3
DA:16,1
DA:18,11
DA:19,11
DA:20,11
DA:21,11
DA:24,11
DA:29,11
DA:35,0
DA:36,0
DA:42,0
DA:47,11
DA:48,11
DA:49,10
DA:53,1
DA:59,0
DA:61,0
DA:69,1
LF:24
LH:19
BRDA:29,0,0,0
BRDA:29,0,1,11
BRDA:30,1,0,11
BRDA:30,1,1,11
BRDA:30,1,2,11
BRDA:35,2,0,0
BRDA:35,2,1,0
BRDA:48,3,0,10
BRDA:48,3,1,1
BRDA:64,4,0,0
BRDA:64,4,1,0
BRF:11
BRH:6
end_of_record
TN:
SF:src/server.js
FN:12,(anonymous_0)
FN:40,(anonymous_1)
FN:46,(anonymous_2)
FN:81,startServer
FN:86,(anonymous_4)
FNF:5
FNH:3
FNDA:2,(anonymous_0)
FNDA:1,(anonymous_1)
FNDA:1,(anonymous_2)
FNDA:0,startServer
FNDA:0,(anonymous_4)
DA:1,2
DA:2,2
DA:3,2
DA:4,2
DA:6,2
DA:9,2
DA:12,2
DA:15,2
DA:16,2
DA:17,2
DA:18,2
DA:19,2
DA:20,2
DA:22,2
DA:24,2
DA:25,2
DA:26,2
DA:33,0
DA:37,2
DA:40,2
DA:41,1
DA:46,2
DA:47,1
DA:49,1
DA:51,0
DA:54,1
DA:56,1
DA:57,1
DA:60,1
DA:69,1
DA:76,0
DA:77,0
DA:82,0
DA:84,0
DA:86,0
DA:87,0
DA:88,0
DA:91,0
DA:92,0
DA:97,2
DA:98,0
DA:102,2
LF:42
LH:30
BRDA:24,0,0,2
BRDA:24,0,1,0
BRDA:24,1,0,2
BRDA:24,1,1,2
BRDA:24,1,2,2
BRDA:24,1,3,2
BRDA:49,2,0,0
BRDA:49,2,1,1
BRDA:62,3,0,1
BRDA:62,3,1,0
BRDA:64,4,0,0
BRDA:64,4,1,1
BRDA:97,5,0,0
BRDA:97,5,1,2
BRF:14
BRH:9
end_of_record
TN:
SF:src/db/index.js
FN:9,(anonymous_0)
FN:9,(anonymous_1)
FN:12,initializeDatabase
FN:50,(anonymous_3)
FNF:4
FNH:4
FNDA:6,(anonymous_0)
FNDA:6,(anonymous_1)
FNDA:8,initializeDatabase
FNDA:37,(anonymous_3)
DA:1,3
DA:2,3
DA:3,3
DA:4,3
DA:6,3
DA:9,6
DA:13,8
DA:15,8
DA:16,8
DA:18,1
DA:19,1
DA:22,7
DA:24,13
DA:25,13
DA:26,13
DA:27,9
DA:28,9
DA:29,5
DA:30,5
DA:31,5
DA:33,8
DA:34,8
DA:35,4
DA:37,8
DA:38,2
DA:39,2
DA:41,6
DA:42,6
DA:48,3
DA:50,37
LF:30
LH:30
BRDA:12,0,0,2
BRDA:12,1,0,2
BRDA:34,2,0,4
BRDA:34,2,1,4
BRDA:37,3,0,2
BRDA:37,3,1,6
BRF:6
BRH:6
end_of_record
